{"name":"hexo","hostname":"wutongdeiMac.local","pid":15558,"level":20,"msg":"Hexo version: \u001b[35m3.2.0\u001b[39m","time":"2016-06-04T05:31:39.433Z","v":0}
{"name":"hexo","hostname":"wutongdeiMac.local","pid":15558,"level":20,"msg":"Working directory: \u001b[35m~/Github/\u001b[39m","time":"2016-06-04T05:31:39.436Z","v":0}
{"name":"hexo","hostname":"wutongdeiMac.local","pid":15558,"level":20,"msg":"Config loaded: \u001b[35m~/Github/_config.yml\u001b[39m","time":"2016-06-04T05:31:39.512Z","v":0}
{"name":"hexo","hostname":"wutongdeiMac.local","pid":15558,"level":20,"msg":"Plugin loaded: \u001b[35mhexo-deployer-git\u001b[39m","time":"2016-06-04T05:31:39.719Z","v":0}
{"name":"hexo","hostname":"wutongdeiMac.local","pid":15558,"level":20,"msg":"Plugin loaded: \u001b[35mhexo-generator-archive\u001b[39m","time":"2016-06-04T05:31:39.722Z","v":0}
{"name":"hexo","hostname":"wutongdeiMac.local","pid":15558,"level":20,"msg":"Plugin loaded: \u001b[35mhexo-generator-tag\u001b[39m","time":"2016-06-04T05:31:39.726Z","v":0}
{"name":"hexo","hostname":"wutongdeiMac.local","pid":15558,"level":20,"msg":"Plugin loaded: \u001b[35mhexo-generator-category\u001b[39m","time":"2016-06-04T05:31:39.728Z","v":0}
{"name":"hexo","hostname":"wutongdeiMac.local","pid":15558,"level":20,"msg":"Plugin loaded: \u001b[35mhexo-renderer-ejs\u001b[39m","time":"2016-06-04T05:31:39.731Z","v":0}
{"name":"hexo","hostname":"wutongdeiMac.local","pid":15558,"level":20,"msg":"Plugin loaded: \u001b[35mhexo-renderer-stylus\u001b[39m","time":"2016-06-04T05:31:39.732Z","v":0}
{"name":"hexo","hostname":"wutongdeiMac.local","pid":15558,"level":20,"msg":"Plugin loaded: \u001b[35mhexo-generator-index\u001b[39m","time":"2016-06-04T05:31:39.738Z","v":0}
{"name":"hexo","hostname":"wutongdeiMac.local","pid":15558,"level":20,"msg":"Script loaded: \u001b[35mthemes/next/scripts/merge-configs.js\u001b[39m","time":"2016-06-04T05:31:39.739Z","v":0}
{"name":"hexo","hostname":"wutongdeiMac.local","pid":15558,"level":20,"msg":"Script loaded: \u001b[35mthemes/next/scripts/tags/center-quote.js\u001b[39m","time":"2016-06-04T05:31:39.739Z","v":0}
{"name":"hexo","hostname":"wutongdeiMac.local","pid":15558,"level":20,"msg":"Plugin loaded: \u001b[35mhexo-renderer-marked\u001b[39m","time":"2016-06-04T05:31:39.818Z","v":0}
{"name":"hexo","hostname":"wutongdeiMac.local","pid":15558,"level":20,"msg":"Script loaded: \u001b[35mthemes/next/scripts/tags/full-image.js\u001b[39m","time":"2016-06-04T05:31:39.818Z","v":0}
{"name":"hexo","hostname":"wutongdeiMac.local","pid":15558,"level":20,"msg":"Script loaded: \u001b[35mthemes/next/scripts/tags/group-pictures.js\u001b[39m","time":"2016-06-04T05:31:39.819Z","v":0}
{"name":"hexo","hostname":"wutongdeiMac.local","pid":15558,"level":20,"msg":"Plugin loaded: \u001b[35mhexo-server\u001b[39m","time":"2016-06-04T05:31:39.925Z","v":0}
{"name":"hexo","hostname":"wutongdeiMac.local","pid":15558,"level":20,"msg":"Loading database.","time":"2016-06-04T05:31:39.934Z","v":0}
{"name":"hexo","hostname":"wutongdeiMac.local","pid":15558,"level":30,"msg":"Start processing","time":"2016-06-04T05:31:39.941Z","v":0}
{"name":"hexo","hostname":"wutongdeiMac.local","pid":15558,"level":20,"msg":"Theme config loaded.","time":"2016-06-04T05:31:40.028Z","v":0}
{"name":"hexo","hostname":"wutongdeiMac.local","pid":15558,"level":20,"msg":"Processed: \u001b[35m_config.yml\u001b[39m","time":"2016-06-04T05:31:40.032Z","v":0}
{"name":"hexo","hostname":"wutongdeiMac.local","pid":15558,"level":20,"msg":"Processed: \u001b[35msource/css/main.styl\u001b[39m","time":"2016-06-04T05:31:40.046Z","v":0}
{"name":"hexo","hostname":"wutongdeiMac.local","pid":15558,"level":20,"msg":"Processed: \u001b[35msource/images/avatar.gif\u001b[39m","time":"2016-06-04T05:31:40.047Z","v":0}
{"name":"hexo","hostname":"wutongdeiMac.local","pid":15558,"level":20,"msg":"Processed: \u001b[35msource/images/cc-by-nc-nd.svg\u001b[39m","time":"2016-06-04T05:31:40.047Z","v":0}
{"name":"hexo","hostname":"wutongdeiMac.local","pid":15558,"level":20,"msg":"Processed: \u001b[35msource/images/cc-by-nc-sa.svg\u001b[39m","time":"2016-06-04T05:31:40.048Z","v":0}
{"name":"hexo","hostname":"wutongdeiMac.local","pid":15558,"level":20,"msg":"Processed: \u001b[35msource/images/cc-by-nc.svg\u001b[39m","time":"2016-06-04T05:31:40.048Z","v":0}
{"name":"hexo","hostname":"wutongdeiMac.local","pid":15558,"level":20,"msg":"Processed: \u001b[35msource/images/cc-by-nd.svg\u001b[39m","time":"2016-06-04T05:31:40.048Z","v":0}
{"name":"hexo","hostname":"wutongdeiMac.local","pid":15558,"level":20,"msg":"Processed: \u001b[35msource/images/cc-by-sa.svg\u001b[39m","time":"2016-06-04T05:31:40.049Z","v":0}
{"name":"hexo","hostname":"wutongdeiMac.local","pid":15558,"level":20,"msg":"Processed: \u001b[35msource/images/cc-by.svg\u001b[39m","time":"2016-06-04T05:31:40.049Z","v":0}
{"name":"hexo","hostname":"wutongdeiMac.local","pid":15558,"level":20,"msg":"Processed: \u001b[35msource/images/cc-zero.svg\u001b[39m","time":"2016-06-04T05:31:40.050Z","v":0}
{"name":"hexo","hostname":"wutongdeiMac.local","pid":15558,"level":20,"msg":"Processed: \u001b[35msource/images/loading.gif\u001b[39m","time":"2016-06-04T05:31:40.050Z","v":0}
{"name":"hexo","hostname":"wutongdeiMac.local","pid":15558,"level":20,"msg":"Processed: \u001b[35msource/images/placeholder.gif\u001b[39m","time":"2016-06-04T05:31:40.050Z","v":0}
{"name":"hexo","hostname":"wutongdeiMac.local","pid":15558,"level":20,"msg":"Processed: \u001b[35msource/images/quote-l.svg\u001b[39m","time":"2016-06-04T05:31:40.050Z","v":0}
{"name":"hexo","hostname":"wutongdeiMac.local","pid":15558,"level":20,"msg":"Processed: \u001b[35msource/images/quote-r.svg\u001b[39m","time":"2016-06-04T05:31:40.051Z","v":0}
{"name":"hexo","hostname":"wutongdeiMac.local","pid":15558,"level":20,"msg":"Processed: \u001b[35msource/images/searchicon.png\u001b[39m","time":"2016-06-04T05:31:40.051Z","v":0}
{"name":"hexo","hostname":"wutongdeiMac.local","pid":15558,"level":20,"msg":"Processed: \u001b[35mlayout/_layout.swig\u001b[39m","time":"2016-06-04T05:31:40.162Z","v":0}
{"name":"hexo","hostname":"wutongdeiMac.local","pid":15558,"level":20,"msg":"Processed: \u001b[35mlayout/archive.swig\u001b[39m","time":"2016-06-04T05:31:40.163Z","v":0}
{"name":"hexo","hostname":"wutongdeiMac.local","pid":15558,"level":20,"msg":"Processed: \u001b[35mlayout/category.swig\u001b[39m","time":"2016-06-04T05:31:40.163Z","v":0}
{"name":"hexo","hostname":"wutongdeiMac.local","pid":15558,"level":20,"msg":"Processed: \u001b[35mlayout/index.swig\u001b[39m","time":"2016-06-04T05:31:40.163Z","v":0}
{"name":"hexo","hostname":"wutongdeiMac.local","pid":15558,"level":20,"msg":"Processed: \u001b[35mlayout/page.swig\u001b[39m","time":"2016-06-04T05:31:40.163Z","v":0}
{"name":"hexo","hostname":"wutongdeiMac.local","pid":15558,"level":20,"msg":"Processed: \u001b[35mlayout/post.swig\u001b[39m","time":"2016-06-04T05:31:40.163Z","v":0}
{"name":"hexo","hostname":"wutongdeiMac.local","pid":15558,"level":20,"msg":"Processed: \u001b[35m_posts/Record.md\u001b[39m","time":"2016-06-04T05:31:40.173Z","v":0}
{"name":"hexo","hostname":"wutongdeiMac.local","pid":15558,"level":20,"msg":"Processed: \u001b[35mlanguages/de.yml\u001b[39m","time":"2016-06-04T05:31:40.174Z","v":0}
{"name":"hexo","hostname":"wutongdeiMac.local","pid":15558,"level":20,"msg":"Processed: \u001b[35mlanguages/default.yml\u001b[39m","time":"2016-06-04T05:31:40.174Z","v":0}
{"name":"hexo","hostname":"wutongdeiMac.local","pid":15558,"level":20,"msg":"Processed: \u001b[35mlanguages/en.yml\u001b[39m","time":"2016-06-04T05:31:40.174Z","v":0}
{"name":"hexo","hostname":"wutongdeiMac.local","pid":15558,"level":20,"msg":"Processed: \u001b[35mlanguages/fr-FR.yml\u001b[39m","time":"2016-06-04T05:31:40.174Z","v":0}
{"name":"hexo","hostname":"wutongdeiMac.local","pid":15558,"level":20,"msg":"Processed: \u001b[35mlanguages/id.yml\u001b[39m","time":"2016-06-04T05:31:40.174Z","v":0}
{"name":"hexo","hostname":"wutongdeiMac.local","pid":15558,"level":20,"msg":"Processed: \u001b[35mlanguages/ja.yml\u001b[39m","time":"2016-06-04T05:31:40.175Z","v":0}
{"name":"hexo","hostname":"wutongdeiMac.local","pid":15558,"level":20,"msg":"Processed: \u001b[35mlanguages/pt.yml\u001b[39m","time":"2016-06-04T05:31:40.175Z","v":0}
{"name":"hexo","hostname":"wutongdeiMac.local","pid":15558,"level":20,"msg":"Processed: \u001b[35mlanguages/ru.yml\u001b[39m","time":"2016-06-04T05:31:40.175Z","v":0}
{"name":"hexo","hostname":"wutongdeiMac.local","pid":15558,"level":20,"msg":"Processed: \u001b[35mlanguages/zh-Hans.yml\u001b[39m","time":"2016-06-04T05:31:40.175Z","v":0}
{"name":"hexo","hostname":"wutongdeiMac.local","pid":15558,"level":20,"msg":"Processed: \u001b[35mlanguages/zh-hk.yml\u001b[39m","time":"2016-06-04T05:31:40.175Z","v":0}
{"name":"hexo","hostname":"wutongdeiMac.local","pid":15558,"level":20,"msg":"Processed: \u001b[35mlanguages/zh-tw.yml\u001b[39m","time":"2016-06-04T05:31:40.175Z","v":0}
{"name":"hexo","hostname":"wutongdeiMac.local","pid":15558,"level":20,"msg":"Processed: \u001b[35m_posts/hello-world.md\u001b[39m","time":"2016-06-04T05:31:40.175Z","v":0}
{"name":"hexo","hostname":"wutongdeiMac.local","pid":15558,"level":20,"msg":"Processed: \u001b[35mlayout/tag.swig\u001b[39m","time":"2016-06-04T05:31:40.213Z","v":0}
{"name":"hexo","hostname":"wutongdeiMac.local","pid":15558,"level":20,"msg":"Processed: \u001b[35msource/js/src/affix.js\u001b[39m","time":"2016-06-04T05:31:40.218Z","v":0}
{"name":"hexo","hostname":"wutongdeiMac.local","pid":15558,"level":20,"msg":"Processed: \u001b[35msource/js/src/bootstrap.js\u001b[39m","time":"2016-06-04T05:31:40.219Z","v":0}
{"name":"hexo","hostname":"wutongdeiMac.local","pid":15558,"level":20,"msg":"Processed: \u001b[35msource/js/src/hook-duoshuo.js\u001b[39m","time":"2016-06-04T05:31:40.220Z","v":0}
{"name":"hexo","hostname":"wutongdeiMac.local","pid":15558,"level":20,"msg":"Processed: \u001b[35msource/js/src/motion.js\u001b[39m","time":"2016-06-04T05:31:40.220Z","v":0}
{"name":"hexo","hostname":"wutongdeiMac.local","pid":15558,"level":20,"msg":"Processed: \u001b[35msource/js/src/post-details.js\u001b[39m","time":"2016-06-04T05:31:40.220Z","v":0}
{"name":"hexo","hostname":"wutongdeiMac.local","pid":15558,"level":20,"msg":"Processed: \u001b[35msource/js/src/scrollspy.js\u001b[39m","time":"2016-06-04T05:31:40.220Z","v":0}
{"name":"hexo","hostname":"wutongdeiMac.local","pid":15558,"level":20,"msg":"Processed: \u001b[35msource/js/src/utils.js\u001b[39m","time":"2016-06-04T05:31:40.221Z","v":0}
{"name":"hexo","hostname":"wutongdeiMac.local","pid":15558,"level":20,"msg":"Processed: \u001b[35msource/vendors/fastclick/LICENSE\u001b[39m","time":"2016-06-04T05:31:40.222Z","v":0}
{"name":"hexo","hostname":"wutongdeiMac.local","pid":15558,"level":20,"msg":"Processed: \u001b[35msource/vendors/fastclick/README.md\u001b[39m","time":"2016-06-04T05:31:40.223Z","v":0}
{"name":"hexo","hostname":"wutongdeiMac.local","pid":15558,"level":20,"msg":"Processed: \u001b[35msource/vendors/fastclick/bower.json\u001b[39m","time":"2016-06-04T05:31:40.223Z","v":0}
{"name":"hexo","hostname":"wutongdeiMac.local","pid":15558,"level":20,"msg":"Processed: \u001b[35msource/vendors/font-awesome/HELP-US-OUT.txt\u001b[39m","time":"2016-06-04T05:31:40.224Z","v":0}
{"name":"hexo","hostname":"wutongdeiMac.local","pid":15558,"level":20,"msg":"Processed: \u001b[35msource/vendors/font-awesome/bower.json\u001b[39m","time":"2016-06-04T05:31:40.224Z","v":0}
{"name":"hexo","hostname":"wutongdeiMac.local","pid":15558,"level":20,"msg":"Processed: \u001b[35msource/vendors/jquery_lazyload/CONTRIBUTING.md\u001b[39m","time":"2016-06-04T05:31:40.226Z","v":0}
{"name":"hexo","hostname":"wutongdeiMac.local","pid":15558,"level":20,"msg":"Processed: \u001b[35msource/vendors/jquery_lazyload/README.md\u001b[39m","time":"2016-06-04T05:31:40.226Z","v":0}
{"name":"hexo","hostname":"wutongdeiMac.local","pid":15558,"level":20,"msg":"Processed: \u001b[35msource/vendors/jquery_lazyload/bower.json\u001b[39m","time":"2016-06-04T05:31:40.226Z","v":0}
{"name":"hexo","hostname":"wutongdeiMac.local","pid":15558,"level":20,"msg":"Processed: \u001b[35msource/vendors/jquery_lazyload/jquery.lazyload.js\u001b[39m","time":"2016-06-04T05:31:40.226Z","v":0}
{"name":"hexo","hostname":"wutongdeiMac.local","pid":15558,"level":20,"msg":"Processed: \u001b[35msource/vendors/jquery_lazyload/jquery.scrollstop.js\u001b[39m","time":"2016-06-04T05:31:40.227Z","v":0}
{"name":"hexo","hostname":"wutongdeiMac.local","pid":15558,"level":20,"msg":"Processed: \u001b[35msource/vendors/velocity/bower.json\u001b[39m","time":"2016-06-04T05:31:40.228Z","v":0}
{"name":"hexo","hostname":"wutongdeiMac.local","pid":15558,"level":20,"msg":"Processed: \u001b[35msource/vendors/velocity/velocity.min.js\u001b[39m","time":"2016-06-04T05:31:40.228Z","v":0}
{"name":"hexo","hostname":"wutongdeiMac.local","pid":15558,"level":20,"msg":"Processed: \u001b[35msource/vendors/velocity/velocity.ui.js\u001b[39m","time":"2016-06-04T05:31:40.228Z","v":0}
{"name":"hexo","hostname":"wutongdeiMac.local","pid":15558,"level":20,"msg":"Processed: \u001b[35msource/vendors/velocity/velocity.ui.min.js\u001b[39m","time":"2016-06-04T05:31:40.228Z","v":0}
{"name":"hexo","hostname":"wutongdeiMac.local","pid":15558,"level":20,"msg":"Processed: \u001b[35mlayout/_macro/post-collapse.swig\u001b[39m","time":"2016-06-04T05:31:40.270Z","v":0}
{"name":"hexo","hostname":"wutongdeiMac.local","pid":15558,"level":20,"msg":"Processed: \u001b[35mlayout/_macro/reward.swig\u001b[39m","time":"2016-06-04T05:31:40.270Z","v":0}
{"name":"hexo","hostname":"wutongdeiMac.local","pid":15558,"level":20,"msg":"Processed: \u001b[35mlayout/_macro/post.swig\u001b[39m","time":"2016-06-04T05:31:40.271Z","v":0}
{"name":"hexo","hostname":"wutongdeiMac.local","pid":15558,"level":20,"msg":"Processed: \u001b[35mlayout/_macro/sidebar.swig\u001b[39m","time":"2016-06-04T05:31:40.271Z","v":0}
{"name":"hexo","hostname":"wutongdeiMac.local","pid":15558,"level":20,"msg":"Processed: \u001b[35mlayout/_macro/wechat-subscriber.swig\u001b[39m","time":"2016-06-04T05:31:40.271Z","v":0}
{"name":"hexo","hostname":"wutongdeiMac.local","pid":15558,"level":20,"msg":"Processed: \u001b[35mlayout/_scripts/baidu-push.swig\u001b[39m","time":"2016-06-04T05:31:40.271Z","v":0}
{"name":"hexo","hostname":"wutongdeiMac.local","pid":15558,"level":20,"msg":"Processed: \u001b[35mlayout/_scripts/boostrap.swig\u001b[39m","time":"2016-06-04T05:31:40.271Z","v":0}
{"name":"hexo","hostname":"wutongdeiMac.local","pid":15558,"level":20,"msg":"Processed: \u001b[35mlayout/_scripts/commons.swig\u001b[39m","time":"2016-06-04T05:31:40.271Z","v":0}
{"name":"hexo","hostname":"wutongdeiMac.local","pid":15558,"level":20,"msg":"Processed: \u001b[35mlayout/_scripts/vendors.swig\u001b[39m","time":"2016-06-04T05:31:40.271Z","v":0}
{"name":"hexo","hostname":"wutongdeiMac.local","pid":15558,"level":20,"msg":"Processed: \u001b[35mlayout/_partials/duoshuo-hot-articles.swig\u001b[39m","time":"2016-06-04T05:31:40.271Z","v":0}
{"name":"hexo","hostname":"wutongdeiMac.local","pid":15558,"level":20,"msg":"Processed: \u001b[35mlayout/_partials/comments.swig\u001b[39m","time":"2016-06-04T05:31:40.271Z","v":0}
{"name":"hexo","hostname":"wutongdeiMac.local","pid":15558,"level":20,"msg":"Processed: \u001b[35mlayout/_partials/footer.swig\u001b[39m","time":"2016-06-04T05:31:40.271Z","v":0}
{"name":"hexo","hostname":"wutongdeiMac.local","pid":15558,"level":20,"msg":"Processed: \u001b[35mlayout/_partials/head.swig\u001b[39m","time":"2016-06-04T05:31:40.271Z","v":0}
{"name":"hexo","hostname":"wutongdeiMac.local","pid":15558,"level":20,"msg":"Processed: \u001b[35mlayout/_partials/header.swig\u001b[39m","time":"2016-06-04T05:31:40.271Z","v":0}
{"name":"hexo","hostname":"wutongdeiMac.local","pid":15558,"level":20,"msg":"Processed: \u001b[35mlayout/_partials/pagination.swig\u001b[39m","time":"2016-06-04T05:31:40.271Z","v":0}
{"name":"hexo","hostname":"wutongdeiMac.local","pid":15558,"level":20,"msg":"Processed: \u001b[35mlayout/_partials/search.swig\u001b[39m","time":"2016-06-04T05:31:40.271Z","v":0}
{"name":"hexo","hostname":"wutongdeiMac.local","pid":15558,"level":20,"msg":"Processed: \u001b[35msource/vendors/jquery/index.js\u001b[39m","time":"2016-06-04T05:31:40.272Z","v":0}
{"name":"hexo","hostname":"wutongdeiMac.local","pid":15558,"level":20,"msg":"Processed: \u001b[35mlayout/_scripts/schemes/mist.swig\u001b[39m","time":"2016-06-04T05:31:40.277Z","v":0}
{"name":"hexo","hostname":"wutongdeiMac.local","pid":15558,"level":20,"msg":"Processed: \u001b[35mlayout/_scripts/schemes/muse.swig\u001b[39m","time":"2016-06-04T05:31:40.278Z","v":0}
{"name":"hexo","hostname":"wutongdeiMac.local","pid":15558,"level":20,"msg":"Processed: \u001b[35msource/js/src/schemes/pisces.js\u001b[39m","time":"2016-06-04T05:31:40.280Z","v":0}
{"name":"hexo","hostname":"wutongdeiMac.local","pid":15558,"level":20,"msg":"Processed: \u001b[35msource/vendors/fancybox/source/blank.gif\u001b[39m","time":"2016-06-04T05:31:40.280Z","v":0}
{"name":"hexo","hostname":"wutongdeiMac.local","pid":15558,"level":20,"msg":"Processed: \u001b[35msource/vendors/fancybox/source/fancybox_loading@2x.gif\u001b[39m","time":"2016-06-04T05:31:40.280Z","v":0}
{"name":"hexo","hostname":"wutongdeiMac.local","pid":15558,"level":20,"msg":"Processed: \u001b[35msource/vendors/fancybox/source/fancybox_overlay.png\u001b[39m","time":"2016-06-04T05:31:40.280Z","v":0}
{"name":"hexo","hostname":"wutongdeiMac.local","pid":15558,"level":20,"msg":"Processed: \u001b[35msource/vendors/fancybox/source/fancybox_loading.gif\u001b[39m","time":"2016-06-04T05:31:40.280Z","v":0}
{"name":"hexo","hostname":"wutongdeiMac.local","pid":15558,"level":20,"msg":"Processed: \u001b[35msource/vendors/fancybox/source/fancybox_sprite.png\u001b[39m","time":"2016-06-04T05:31:40.281Z","v":0}
{"name":"hexo","hostname":"wutongdeiMac.local","pid":15558,"level":20,"msg":"Processed: \u001b[35msource/vendors/fancybox/source/fancybox_sprite@2x.png\u001b[39m","time":"2016-06-04T05:31:40.281Z","v":0}
{"name":"hexo","hostname":"wutongdeiMac.local","pid":15558,"level":20,"msg":"Processed: \u001b[35msource/vendors/fancybox/source/jquery.fancybox.css\u001b[39m","time":"2016-06-04T05:31:40.281Z","v":0}
{"name":"hexo","hostname":"wutongdeiMac.local","pid":15558,"level":20,"msg":"Processed: \u001b[35msource/vendors/fancybox/source/jquery.fancybox.js\u001b[39m","time":"2016-06-04T05:31:40.281Z","v":0}
{"name":"hexo","hostname":"wutongdeiMac.local","pid":15558,"level":20,"msg":"Processed: \u001b[35msource/vendors/fancybox/source/jquery.fancybox.pack.js\u001b[39m","time":"2016-06-04T05:31:40.282Z","v":0}
{"name":"hexo","hostname":"wutongdeiMac.local","pid":15558,"level":20,"msg":"Processed: \u001b[35msource/vendors/fastclick/lib/fastclick.js\u001b[39m","time":"2016-06-04T05:31:40.282Z","v":0}
{"name":"hexo","hostname":"wutongdeiMac.local","pid":15558,"level":20,"msg":"Processed: \u001b[35msource/vendors/fastclick/lib/fastclick.min.js\u001b[39m","time":"2016-06-04T05:31:40.282Z","v":0}
{"name":"hexo","hostname":"wutongdeiMac.local","pid":15558,"level":20,"msg":"Processed: \u001b[35msource/vendors/font-awesome/css/font-awesome.css\u001b[39m","time":"2016-06-04T05:31:40.282Z","v":0}
{"name":"hexo","hostname":"wutongdeiMac.local","pid":15558,"level":20,"msg":"Processed: \u001b[35msource/vendors/font-awesome/css/font-awesome.css.map\u001b[39m","time":"2016-06-04T05:31:40.282Z","v":0}
{"name":"hexo","hostname":"wutongdeiMac.local","pid":15558,"level":20,"msg":"Processed: \u001b[35msource/vendors/font-awesome/css/font-awesome.min.css\u001b[39m","time":"2016-06-04T05:31:40.283Z","v":0}
{"name":"hexo","hostname":"wutongdeiMac.local","pid":15558,"level":20,"msg":"Processed: \u001b[35msource/vendors/font-awesome/fonts/fontawesome-webfont.woff2\u001b[39m","time":"2016-06-04T05:31:40.283Z","v":0}
{"name":"hexo","hostname":"wutongdeiMac.local","pid":15558,"level":20,"msg":"Processed: \u001b[35msource/vendors/ua-parser-js/dist/ua-parser.min.js\u001b[39m","time":"2016-06-04T05:31:40.283Z","v":0}
{"name":"hexo","hostname":"wutongdeiMac.local","pid":15558,"level":20,"msg":"Processed: \u001b[35msource/vendors/ua-parser-js/dist/ua-parser.pack.js\u001b[39m","time":"2016-06-04T05:31:40.283Z","v":0}
{"name":"hexo","hostname":"wutongdeiMac.local","pid":15558,"level":20,"msg":"Processed: \u001b[35mlayout/_scripts/pages/post-details.swig\u001b[39m","time":"2016-06-04T05:31:40.293Z","v":0}
{"name":"hexo","hostname":"wutongdeiMac.local","pid":15558,"level":20,"msg":"Processed: \u001b[35mlayout/_scripts/third-party/analytics.swig\u001b[39m","time":"2016-06-04T05:31:40.293Z","v":0}
{"name":"hexo","hostname":"wutongdeiMac.local","pid":15558,"level":20,"msg":"Processed: \u001b[35mlayout/_scripts/third-party/comments.swig\u001b[39m","time":"2016-06-04T05:31:40.293Z","v":0}
{"name":"hexo","hostname":"wutongdeiMac.local","pid":15558,"level":20,"msg":"Processed: \u001b[35mlayout/_scripts/third-party/lean-analytics.swig\u001b[39m","time":"2016-06-04T05:31:40.293Z","v":0}
{"name":"hexo","hostname":"wutongdeiMac.local","pid":15558,"level":20,"msg":"Processed: \u001b[35mlayout/_scripts/third-party/tinysou.swig\u001b[39m","time":"2016-06-04T05:31:40.294Z","v":0}
{"name":"hexo","hostname":"wutongdeiMac.local","pid":15558,"level":20,"msg":"Processed: \u001b[35mlayout/_scripts/third-party/mathjax.swig\u001b[39m","time":"2016-06-04T05:31:40.294Z","v":0}
{"name":"hexo","hostname":"wutongdeiMac.local","pid":15558,"level":20,"msg":"Processed: \u001b[35mlayout/_scripts/third-party/localsearch.swig\u001b[39m","time":"2016-06-04T05:31:40.294Z","v":0}
{"name":"hexo","hostname":"wutongdeiMac.local","pid":15558,"level":20,"msg":"Processed: \u001b[35mlayout/_scripts/schemes/pisces.swig\u001b[39m","time":"2016-06-04T05:31:40.294Z","v":0}
{"name":"hexo","hostname":"wutongdeiMac.local","pid":15558,"level":20,"msg":"Processed: \u001b[35mlayout/_partials/head/external-fonts.swig\u001b[39m","time":"2016-06-04T05:31:40.294Z","v":0}
{"name":"hexo","hostname":"wutongdeiMac.local","pid":15558,"level":20,"msg":"Processed: \u001b[35mlayout/_partials/search/localsearch.swig\u001b[39m","time":"2016-06-04T05:31:40.294Z","v":0}
{"name":"hexo","hostname":"wutongdeiMac.local","pid":15558,"level":20,"msg":"Processed: \u001b[35mlayout/_partials/search/swiftype.swig\u001b[39m","time":"2016-06-04T05:31:40.294Z","v":0}
{"name":"hexo","hostname":"wutongdeiMac.local","pid":15558,"level":20,"msg":"Processed: \u001b[35mlayout/_partials/search/tinysou.swig\u001b[39m","time":"2016-06-04T05:31:40.294Z","v":0}
{"name":"hexo","hostname":"wutongdeiMac.local","pid":15558,"level":20,"msg":"Processed: \u001b[35mlayout/_partials/share/baidushare.swig\u001b[39m","time":"2016-06-04T05:31:40.294Z","v":0}
{"name":"hexo","hostname":"wutongdeiMac.local","pid":15558,"level":20,"msg":"Processed: \u001b[35mlayout/_partials/share/duoshuo_share.swig\u001b[39m","time":"2016-06-04T05:31:40.294Z","v":0}
{"name":"hexo","hostname":"wutongdeiMac.local","pid":15558,"level":20,"msg":"Processed: \u001b[35mlayout/_partials/share/add-this.swig\u001b[39m","time":"2016-06-04T05:31:40.294Z","v":0}
{"name":"hexo","hostname":"wutongdeiMac.local","pid":15558,"level":20,"msg":"Processed: \u001b[35mlayout/_partials/share/jiathis.swig\u001b[39m","time":"2016-06-04T05:31:40.294Z","v":0}
{"name":"hexo","hostname":"wutongdeiMac.local","pid":15558,"level":20,"msg":"Processed: \u001b[35msource/vendors/font-awesome/fonts/FontAwesome.otf\u001b[39m","time":"2016-06-04T05:31:40.295Z","v":0}
{"name":"hexo","hostname":"wutongdeiMac.local","pid":15558,"level":20,"msg":"Processed: \u001b[35msource/vendors/font-awesome/fonts/fontawesome-webfont.eot\u001b[39m","time":"2016-06-04T05:31:40.295Z","v":0}
{"name":"hexo","hostname":"wutongdeiMac.local","pid":15558,"level":20,"msg":"Processed: \u001b[35msource/vendors/font-awesome/fonts/fontawesome-webfont.woff\u001b[39m","time":"2016-06-04T05:31:40.295Z","v":0}
{"name":"hexo","hostname":"wutongdeiMac.local","pid":15558,"level":20,"msg":"Processed: \u001b[35msource/vendors/velocity/velocity.js\u001b[39m","time":"2016-06-04T05:31:40.295Z","v":0}
{"name":"hexo","hostname":"wutongdeiMac.local","pid":15558,"level":20,"msg":"Processed: \u001b[35msource/vendors/fancybox/source/helpers/fancybox_buttons.png\u001b[39m","time":"2016-06-04T05:31:40.302Z","v":0}
{"name":"hexo","hostname":"wutongdeiMac.local","pid":15558,"level":20,"msg":"Processed: \u001b[35msource/vendors/fancybox/source/helpers/jquery.fancybox-buttons.css\u001b[39m","time":"2016-06-04T05:31:40.302Z","v":0}
{"name":"hexo","hostname":"wutongdeiMac.local","pid":15558,"level":20,"msg":"Processed: \u001b[35msource/vendors/fancybox/source/helpers/jquery.fancybox-buttons.js\u001b[39m","time":"2016-06-04T05:31:40.302Z","v":0}
{"name":"hexo","hostname":"wutongdeiMac.local","pid":15558,"level":20,"msg":"Processed: \u001b[35msource/vendors/fancybox/source/helpers/jquery.fancybox-media.js\u001b[39m","time":"2016-06-04T05:31:40.303Z","v":0}
{"name":"hexo","hostname":"wutongdeiMac.local","pid":15558,"level":20,"msg":"Processed: \u001b[35msource/vendors/fancybox/source/helpers/jquery.fancybox-thumbs.css\u001b[39m","time":"2016-06-04T05:31:40.303Z","v":0}
{"name":"hexo","hostname":"wutongdeiMac.local","pid":15558,"level":20,"msg":"Processed: \u001b[35msource/vendors/fancybox/source/helpers/jquery.fancybox-thumbs.js\u001b[39m","time":"2016-06-04T05:31:40.303Z","v":0}
{"name":"hexo","hostname":"wutongdeiMac.local","pid":15558,"level":20,"msg":"Processed: \u001b[35msource/vendors/font-awesome/fonts/fontawesome-webfont.ttf\u001b[39m","time":"2016-06-04T05:31:40.303Z","v":0}
{"name":"hexo","hostname":"wutongdeiMac.local","pid":15558,"level":20,"msg":"Processed: \u001b[35mlayout/_scripts/third-party/analytics/baidu-analytics.swig\u001b[39m","time":"2016-06-04T05:31:40.309Z","v":0}
{"name":"hexo","hostname":"wutongdeiMac.local","pid":15558,"level":20,"msg":"Processed: \u001b[35mlayout/_scripts/third-party/analytics/busuanzi-counter.swig\u001b[39m","time":"2016-06-04T05:31:40.309Z","v":0}
{"name":"hexo","hostname":"wutongdeiMac.local","pid":15558,"level":20,"msg":"Processed: \u001b[35mlayout/_scripts/third-party/analytics/cnzz-analytics.swig\u001b[39m","time":"2016-06-04T05:31:40.310Z","v":0}
{"name":"hexo","hostname":"wutongdeiMac.local","pid":15558,"level":20,"msg":"Processed: \u001b[35mlayout/_scripts/third-party/analytics/facebook-sdk.swig\u001b[39m","time":"2016-06-04T05:31:40.310Z","v":0}
{"name":"hexo","hostname":"wutongdeiMac.local","pid":15558,"level":20,"msg":"Processed: \u001b[35mlayout/_scripts/third-party/analytics/google-analytics.swig\u001b[39m","time":"2016-06-04T05:31:40.310Z","v":0}
{"name":"hexo","hostname":"wutongdeiMac.local","pid":15558,"level":20,"msg":"Processed: \u001b[35mlayout/_scripts/third-party/analytics/tencent-analytics.swig\u001b[39m","time":"2016-06-04T05:31:40.310Z","v":0}
{"name":"hexo","hostname":"wutongdeiMac.local","pid":15558,"level":20,"msg":"Processed: \u001b[35mlayout/_scripts/third-party/comments/disqus.swig\u001b[39m","time":"2016-06-04T05:31:40.310Z","v":0}
{"name":"hexo","hostname":"wutongdeiMac.local","pid":15558,"level":20,"msg":"Processed: \u001b[35mlayout/_scripts/third-party/comments/duoshuo.swig\u001b[39m","time":"2016-06-04T05:31:40.310Z","v":0}
{"name":"hexo","hostname":"wutongdeiMac.local","pid":15558,"level":20,"msg":"Processed: \u001b[35msource/vendors/font-awesome/fonts/fontawesome-webfont.svg\u001b[39m","time":"2016-06-04T05:31:40.311Z","v":0}
{"name":"hexo","hostname":"wutongdeiMac.local","pid":15558,"level":20,"msg":"Generator: \u001b[35mpage\u001b[39m","time":"2016-06-04T05:31:40.532Z","v":0}
{"name":"hexo","hostname":"wutongdeiMac.local","pid":15558,"level":20,"msg":"Generator: \u001b[35mpost\u001b[39m","time":"2016-06-04T05:31:40.532Z","v":0}
{"name":"hexo","hostname":"wutongdeiMac.local","pid":15558,"level":20,"msg":"Generator: \u001b[35marchive\u001b[39m","time":"2016-06-04T05:31:40.532Z","v":0}
{"name":"hexo","hostname":"wutongdeiMac.local","pid":15558,"level":20,"msg":"Generator: \u001b[35mtag\u001b[39m","time":"2016-06-04T05:31:40.532Z","v":0}
{"name":"hexo","hostname":"wutongdeiMac.local","pid":15558,"level":20,"msg":"Generator: \u001b[35mcategory\u001b[39m","time":"2016-06-04T05:31:40.532Z","v":0}
{"name":"hexo","hostname":"wutongdeiMac.local","pid":15558,"level":20,"msg":"Generator: \u001b[35mindex\u001b[39m","time":"2016-06-04T05:31:40.532Z","v":0}
{"name":"hexo","hostname":"wutongdeiMac.local","pid":15558,"level":20,"msg":"Generator: \u001b[35masset\u001b[39m","time":"2016-06-04T05:31:40.533Z","v":0}
{"name":"hexo","hostname":"wutongdeiMac.local","pid":15558,"level":30,"msg":"Hexo is running at \u001b[4mhttp://0.0.0.0:4000/\u001b[24m. Press Ctrl+C to stop.","time":"2016-06-04T05:31:40.538Z","v":0}
{"name":"hexo","hostname":"wutongdeiMac.local","pid":15558,"level":20,"msg":"Database saved","time":"2016-06-04T05:31:40.556Z","v":0}
{"name":"hexo","hostname":"wutongdeiMac.local","pid":15558,"level":20,"msg":"Rendering index: \u001b[35mindex.html\u001b[39m","time":"2016-06-04T05:31:50.688Z","v":0}
{"name":"hexo","hostname":"wutongdeiMac.local","pid":15558,"level":20,"msg":"Theme config loaded.","time":"2016-06-04T05:34:45.974Z","v":0}
{"name":"hexo","hostname":"wutongdeiMac.local","pid":15558,"level":20,"msg":"Processed: \u001b[35m_config.yml\u001b[39m","time":"2016-06-04T05:34:45.974Z","v":0}
{"name":"hexo","hostname":"wutongdeiMac.local","pid":15558,"level":20,"msg":"Generator: \u001b[35mpage\u001b[39m","time":"2016-06-04T05:34:46.087Z","v":0}
{"name":"hexo","hostname":"wutongdeiMac.local","pid":15558,"level":20,"msg":"Generator: \u001b[35mpost\u001b[39m","time":"2016-06-04T05:34:46.087Z","v":0}
{"name":"hexo","hostname":"wutongdeiMac.local","pid":15558,"level":20,"msg":"Generator: \u001b[35marchive\u001b[39m","time":"2016-06-04T05:34:46.087Z","v":0}
{"name":"hexo","hostname":"wutongdeiMac.local","pid":15558,"level":20,"msg":"Generator: \u001b[35mtag\u001b[39m","time":"2016-06-04T05:34:46.087Z","v":0}
{"name":"hexo","hostname":"wutongdeiMac.local","pid":15558,"level":20,"msg":"Generator: \u001b[35mcategory\u001b[39m","time":"2016-06-04T05:34:46.087Z","v":0}
{"name":"hexo","hostname":"wutongdeiMac.local","pid":15558,"level":20,"msg":"Generator: \u001b[35mindex\u001b[39m","time":"2016-06-04T05:34:46.087Z","v":0}
{"name":"hexo","hostname":"wutongdeiMac.local","pid":15558,"level":20,"msg":"Generator: \u001b[35masset\u001b[39m","time":"2016-06-04T05:34:46.089Z","v":0}
{"name":"hexo","hostname":"wutongdeiMac.local","pid":15558,"level":20,"msg":"Rendering index: \u001b[35mindex.html\u001b[39m","time":"2016-06-04T05:34:49.222Z","v":0}
{"name":"hexo","hostname":"wutongdeiMac.local","pid":15558,"level":20,"msg":"Theme config loaded.","time":"2016-06-04T05:34:58.258Z","v":0}
{"name":"hexo","hostname":"wutongdeiMac.local","pid":15558,"level":20,"msg":"Processed: \u001b[35m_config.yml\u001b[39m","time":"2016-06-04T05:34:58.258Z","v":0}
{"name":"hexo","hostname":"wutongdeiMac.local","pid":15558,"level":20,"msg":"Generator: \u001b[35mpage\u001b[39m","time":"2016-06-04T05:34:58.369Z","v":0}
{"name":"hexo","hostname":"wutongdeiMac.local","pid":15558,"level":20,"msg":"Generator: \u001b[35mpost\u001b[39m","time":"2016-06-04T05:34:58.369Z","v":0}
{"name":"hexo","hostname":"wutongdeiMac.local","pid":15558,"level":20,"msg":"Generator: \u001b[35marchive\u001b[39m","time":"2016-06-04T05:34:58.369Z","v":0}
{"name":"hexo","hostname":"wutongdeiMac.local","pid":15558,"level":20,"msg":"Generator: \u001b[35mtag\u001b[39m","time":"2016-06-04T05:34:58.369Z","v":0}
{"name":"hexo","hostname":"wutongdeiMac.local","pid":15558,"level":20,"msg":"Generator: \u001b[35mcategory\u001b[39m","time":"2016-06-04T05:34:58.369Z","v":0}
{"name":"hexo","hostname":"wutongdeiMac.local","pid":15558,"level":20,"msg":"Generator: \u001b[35mindex\u001b[39m","time":"2016-06-04T05:34:58.369Z","v":0}
{"name":"hexo","hostname":"wutongdeiMac.local","pid":15558,"level":20,"msg":"Generator: \u001b[35masset\u001b[39m","time":"2016-06-04T05:34:58.370Z","v":0}
{"name":"hexo","hostname":"wutongdeiMac.local","pid":15558,"level":20,"msg":"Rendering index: \u001b[35mindex.html\u001b[39m","time":"2016-06-04T05:34:59.051Z","v":0}
{"name":"hexo","hostname":"wutongdeiMac.local","pid":15558,"level":20,"msg":"Theme config loaded.","time":"2016-06-04T05:35:20.984Z","v":0}
{"name":"hexo","hostname":"wutongdeiMac.local","pid":15558,"level":20,"msg":"Processed: \u001b[35m_config.yml\u001b[39m","time":"2016-06-04T05:35:20.984Z","v":0}
{"name":"hexo","hostname":"wutongdeiMac.local","pid":15558,"level":20,"msg":"Generator: \u001b[35mpage\u001b[39m","time":"2016-06-04T05:35:21.094Z","v":0}
{"name":"hexo","hostname":"wutongdeiMac.local","pid":15558,"level":20,"msg":"Generator: \u001b[35mpost\u001b[39m","time":"2016-06-04T05:35:21.094Z","v":0}
{"name":"hexo","hostname":"wutongdeiMac.local","pid":15558,"level":20,"msg":"Generator: \u001b[35marchive\u001b[39m","time":"2016-06-04T05:35:21.094Z","v":0}
{"name":"hexo","hostname":"wutongdeiMac.local","pid":15558,"level":20,"msg":"Generator: \u001b[35mtag\u001b[39m","time":"2016-06-04T05:35:21.095Z","v":0}
{"name":"hexo","hostname":"wutongdeiMac.local","pid":15558,"level":20,"msg":"Generator: \u001b[35mcategory\u001b[39m","time":"2016-06-04T05:35:21.095Z","v":0}
{"name":"hexo","hostname":"wutongdeiMac.local","pid":15558,"level":20,"msg":"Generator: \u001b[35mindex\u001b[39m","time":"2016-06-04T05:35:21.095Z","v":0}
{"name":"hexo","hostname":"wutongdeiMac.local","pid":15558,"level":20,"msg":"Generator: \u001b[35masset\u001b[39m","time":"2016-06-04T05:35:21.096Z","v":0}
{"name":"hexo","hostname":"wutongdeiMac.local","pid":15558,"level":20,"msg":"Rendering index: \u001b[35mindex.html\u001b[39m","time":"2016-06-04T05:35:21.340Z","v":0}
{"name":"hexo","hostname":"wutongdeiMac.local","pid":15558,"level":20,"msg":"Generator: \u001b[35mpage\u001b[39m","time":"2016-06-04T05:59:39.228Z","v":0}
{"name":"hexo","hostname":"wutongdeiMac.local","pid":15558,"level":20,"msg":"Generator: \u001b[35mpost\u001b[39m","time":"2016-06-04T05:59:39.228Z","v":0}
{"name":"hexo","hostname":"wutongdeiMac.local","pid":15558,"level":20,"msg":"Generator: \u001b[35marchive\u001b[39m","time":"2016-06-04T05:59:39.228Z","v":0}
{"name":"hexo","hostname":"wutongdeiMac.local","pid":15558,"level":20,"msg":"Generator: \u001b[35mtag\u001b[39m","time":"2016-06-04T05:59:39.228Z","v":0}
{"name":"hexo","hostname":"wutongdeiMac.local","pid":15558,"level":20,"msg":"Generator: \u001b[35mcategory\u001b[39m","time":"2016-06-04T05:59:39.228Z","v":0}
{"name":"hexo","hostname":"wutongdeiMac.local","pid":15558,"level":20,"msg":"Generator: \u001b[35mindex\u001b[39m","time":"2016-06-04T05:59:39.228Z","v":0}
{"name":"hexo","hostname":"wutongdeiMac.local","pid":15558,"level":20,"msg":"Generator: \u001b[35masset\u001b[39m","time":"2016-06-04T05:59:39.229Z","v":0}
{"name":"hexo","hostname":"wutongdeiMac.local","pid":15558,"level":20,"msg":"Generator: \u001b[35mpage\u001b[39m","time":"2016-06-04T05:59:44.062Z","v":0}
{"name":"hexo","hostname":"wutongdeiMac.local","pid":15558,"level":20,"msg":"Generator: \u001b[35mpost\u001b[39m","time":"2016-06-04T05:59:44.063Z","v":0}
{"name":"hexo","hostname":"wutongdeiMac.local","pid":15558,"level":20,"msg":"Generator: \u001b[35marchive\u001b[39m","time":"2016-06-04T05:59:44.063Z","v":0}
{"name":"hexo","hostname":"wutongdeiMac.local","pid":15558,"level":20,"msg":"Generator: \u001b[35mtag\u001b[39m","time":"2016-06-04T05:59:44.064Z","v":0}
{"name":"hexo","hostname":"wutongdeiMac.local","pid":15558,"level":20,"msg":"Generator: \u001b[35mcategory\u001b[39m","time":"2016-06-04T05:59:44.064Z","v":0}
{"name":"hexo","hostname":"wutongdeiMac.local","pid":15558,"level":20,"msg":"Generator: \u001b[35mindex\u001b[39m","time":"2016-06-04T05:59:44.064Z","v":0}
{"name":"hexo","hostname":"wutongdeiMac.local","pid":15558,"level":20,"msg":"Generator: \u001b[35masset\u001b[39m","time":"2016-06-04T05:59:44.065Z","v":0}
{"name":"hexo","hostname":"wutongdeiMac.local","pid":15558,"level":20,"msg":"Generator: \u001b[35mpage\u001b[39m","time":"2016-06-04T05:59:49.301Z","v":0}
{"name":"hexo","hostname":"wutongdeiMac.local","pid":15558,"level":20,"msg":"Generator: \u001b[35mpost\u001b[39m","time":"2016-06-04T05:59:49.301Z","v":0}
{"name":"hexo","hostname":"wutongdeiMac.local","pid":15558,"level":20,"msg":"Generator: \u001b[35marchive\u001b[39m","time":"2016-06-04T05:59:49.301Z","v":0}
{"name":"hexo","hostname":"wutongdeiMac.local","pid":15558,"level":20,"msg":"Generator: \u001b[35mtag\u001b[39m","time":"2016-06-04T05:59:49.303Z","v":0}
{"name":"hexo","hostname":"wutongdeiMac.local","pid":15558,"level":20,"msg":"Generator: \u001b[35mcategory\u001b[39m","time":"2016-06-04T05:59:49.303Z","v":0}
{"name":"hexo","hostname":"wutongdeiMac.local","pid":15558,"level":20,"msg":"Generator: \u001b[35mindex\u001b[39m","time":"2016-06-04T05:59:49.303Z","v":0}
{"name":"hexo","hostname":"wutongdeiMac.local","pid":15558,"level":20,"msg":"Generator: \u001b[35masset\u001b[39m","time":"2016-06-04T05:59:49.304Z","v":0}
{"name":"hexo","hostname":"wutongdeiMac.local","pid":15558,"level":20,"msg":"Processed: \u001b[35muploads/5T-05副本.png\u001b[39m","time":"2016-06-04T06:00:04.580Z","v":0}
{"name":"hexo","hostname":"wutongdeiMac.local","pid":15558,"level":20,"msg":"Generator: \u001b[35mpage\u001b[39m","time":"2016-06-04T06:00:04.688Z","v":0}
{"name":"hexo","hostname":"wutongdeiMac.local","pid":15558,"level":20,"msg":"Generator: \u001b[35mpost\u001b[39m","time":"2016-06-04T06:00:04.688Z","v":0}
{"name":"hexo","hostname":"wutongdeiMac.local","pid":15558,"level":20,"msg":"Generator: \u001b[35marchive\u001b[39m","time":"2016-06-04T06:00:04.688Z","v":0}
{"name":"hexo","hostname":"wutongdeiMac.local","pid":15558,"level":20,"msg":"Generator: \u001b[35mtag\u001b[39m","time":"2016-06-04T06:00:04.688Z","v":0}
{"name":"hexo","hostname":"wutongdeiMac.local","pid":15558,"level":20,"msg":"Generator: \u001b[35mcategory\u001b[39m","time":"2016-06-04T06:00:04.688Z","v":0}
{"name":"hexo","hostname":"wutongdeiMac.local","pid":15558,"level":20,"msg":"Generator: \u001b[35mindex\u001b[39m","time":"2016-06-04T06:00:04.688Z","v":0}
{"name":"hexo","hostname":"wutongdeiMac.local","pid":15558,"level":20,"msg":"Generator: \u001b[35masset\u001b[39m","time":"2016-06-04T06:00:04.691Z","v":0}
{"name":"hexo","hostname":"wutongdeiMac.local","pid":15558,"level":20,"msg":"Processed: \u001b[35muploads/5T-05副本.png\u001b[39m","time":"2016-06-04T06:00:19.073Z","v":0}
{"name":"hexo","hostname":"wutongdeiMac.local","pid":15558,"level":20,"msg":"Processed: \u001b[35muploads/avatar.png\u001b[39m","time":"2016-06-04T06:00:19.074Z","v":0}
{"name":"hexo","hostname":"wutongdeiMac.local","pid":15558,"level":20,"msg":"Generator: \u001b[35mpage\u001b[39m","time":"2016-06-04T06:00:19.181Z","v":0}
{"name":"hexo","hostname":"wutongdeiMac.local","pid":15558,"level":20,"msg":"Generator: \u001b[35mpost\u001b[39m","time":"2016-06-04T06:00:19.181Z","v":0}
{"name":"hexo","hostname":"wutongdeiMac.local","pid":15558,"level":20,"msg":"Generator: \u001b[35marchive\u001b[39m","time":"2016-06-04T06:00:19.181Z","v":0}
{"name":"hexo","hostname":"wutongdeiMac.local","pid":15558,"level":20,"msg":"Generator: \u001b[35mtag\u001b[39m","time":"2016-06-04T06:00:19.181Z","v":0}
{"name":"hexo","hostname":"wutongdeiMac.local","pid":15558,"level":20,"msg":"Generator: \u001b[35mcategory\u001b[39m","time":"2016-06-04T06:00:19.181Z","v":0}
{"name":"hexo","hostname":"wutongdeiMac.local","pid":15558,"level":20,"msg":"Generator: \u001b[35mindex\u001b[39m","time":"2016-06-04T06:00:19.181Z","v":0}
{"name":"hexo","hostname":"wutongdeiMac.local","pid":15558,"level":20,"msg":"Generator: \u001b[35masset\u001b[39m","time":"2016-06-04T06:00:19.182Z","v":0}
{"name":"hexo","hostname":"wutongdeiMac.local","pid":15558,"level":20,"msg":"Rendering index: \u001b[35mindex.html\u001b[39m","time":"2016-06-04T06:00:23.929Z","v":0}
{"name":"hexo","hostname":"wutongdeiMac.local","pid":15558,"level":20,"msg":"Rendering index: \u001b[35mindex.html\u001b[39m","time":"2016-06-04T06:00:27.470Z","v":0}
{"name":"hexo","hostname":"wutongdeiMac.local","pid":15558,"level":20,"msg":"Theme config loaded.","time":"2016-06-04T06:00:33.349Z","v":0}
{"name":"hexo","hostname":"wutongdeiMac.local","pid":15558,"level":20,"msg":"Processed: \u001b[35m_config.yml\u001b[39m","time":"2016-06-04T06:00:33.350Z","v":0}
{"name":"hexo","hostname":"wutongdeiMac.local","pid":15558,"level":20,"msg":"Generator: \u001b[35mpage\u001b[39m","time":"2016-06-04T06:00:33.459Z","v":0}
{"name":"hexo","hostname":"wutongdeiMac.local","pid":15558,"level":20,"msg":"Generator: \u001b[35mpost\u001b[39m","time":"2016-06-04T06:00:33.459Z","v":0}
{"name":"hexo","hostname":"wutongdeiMac.local","pid":15558,"level":20,"msg":"Generator: \u001b[35marchive\u001b[39m","time":"2016-06-04T06:00:33.459Z","v":0}
{"name":"hexo","hostname":"wutongdeiMac.local","pid":15558,"level":20,"msg":"Generator: \u001b[35mtag\u001b[39m","time":"2016-06-04T06:00:33.460Z","v":0}
{"name":"hexo","hostname":"wutongdeiMac.local","pid":15558,"level":20,"msg":"Generator: \u001b[35mcategory\u001b[39m","time":"2016-06-04T06:00:33.460Z","v":0}
{"name":"hexo","hostname":"wutongdeiMac.local","pid":15558,"level":20,"msg":"Generator: \u001b[35mindex\u001b[39m","time":"2016-06-04T06:00:33.460Z","v":0}
{"name":"hexo","hostname":"wutongdeiMac.local","pid":15558,"level":20,"msg":"Generator: \u001b[35masset\u001b[39m","time":"2016-06-04T06:00:33.461Z","v":0}
{"name":"hexo","hostname":"wutongdeiMac.local","pid":15558,"level":20,"msg":"Rendering index: \u001b[35mindex.html\u001b[39m","time":"2016-06-04T06:00:34.995Z","v":0}
{"name":"hexo","hostname":"wutongdeiMac.local","pid":15558,"level":20,"msg":"Rendering index: \u001b[35mindex.html\u001b[39m","time":"2016-06-04T06:00:39.434Z","v":0}
{"name":"hexo","hostname":"wutongdeiMac.local","pid":15558,"level":20,"msg":"Rendering index: \u001b[35mindex.html\u001b[39m","time":"2016-06-04T06:00:47.976Z","v":0}
{"name":"hexo","hostname":"wutongdeiMac.local","pid":15558,"level":20,"msg":"Processed: \u001b[35m5T-05.png\u001b[39m","time":"2016-06-04T06:01:30.878Z","v":0}
{"name":"hexo","hostname":"wutongdeiMac.local","pid":15558,"level":20,"msg":"Generator: \u001b[35mpage\u001b[39m","time":"2016-06-04T06:01:30.986Z","v":0}
{"name":"hexo","hostname":"wutongdeiMac.local","pid":15558,"level":20,"msg":"Generator: \u001b[35mpost\u001b[39m","time":"2016-06-04T06:01:30.987Z","v":0}
{"name":"hexo","hostname":"wutongdeiMac.local","pid":15558,"level":20,"msg":"Generator: \u001b[35marchive\u001b[39m","time":"2016-06-04T06:01:30.987Z","v":0}
{"name":"hexo","hostname":"wutongdeiMac.local","pid":15558,"level":20,"msg":"Generator: \u001b[35mtag\u001b[39m","time":"2016-06-04T06:01:30.987Z","v":0}
{"name":"hexo","hostname":"wutongdeiMac.local","pid":15558,"level":20,"msg":"Generator: \u001b[35mcategory\u001b[39m","time":"2016-06-04T06:01:30.987Z","v":0}
{"name":"hexo","hostname":"wutongdeiMac.local","pid":15558,"level":20,"msg":"Generator: \u001b[35mindex\u001b[39m","time":"2016-06-04T06:01:30.987Z","v":0}
{"name":"hexo","hostname":"wutongdeiMac.local","pid":15558,"level":20,"msg":"Generator: \u001b[35masset\u001b[39m","time":"2016-06-04T06:01:30.988Z","v":0}
{"name":"hexo","hostname":"wutongdeiMac.local","pid":15558,"level":20,"msg":"Processed: \u001b[35m5T-05.png\u001b[39m","time":"2016-06-04T06:01:46.447Z","v":0}
{"name":"hexo","hostname":"wutongdeiMac.local","pid":15558,"level":20,"msg":"Processed: \u001b[35mfavicon.ico\u001b[39m","time":"2016-06-04T06:01:46.448Z","v":0}
{"name":"hexo","hostname":"wutongdeiMac.local","pid":15558,"level":20,"msg":"Generator: \u001b[35mpage\u001b[39m","time":"2016-06-04T06:01:46.554Z","v":0}
{"name":"hexo","hostname":"wutongdeiMac.local","pid":15558,"level":20,"msg":"Generator: \u001b[35mpost\u001b[39m","time":"2016-06-04T06:01:46.554Z","v":0}
{"name":"hexo","hostname":"wutongdeiMac.local","pid":15558,"level":20,"msg":"Generator: \u001b[35marchive\u001b[39m","time":"2016-06-04T06:01:46.554Z","v":0}
{"name":"hexo","hostname":"wutongdeiMac.local","pid":15558,"level":20,"msg":"Generator: \u001b[35mtag\u001b[39m","time":"2016-06-04T06:01:46.554Z","v":0}
{"name":"hexo","hostname":"wutongdeiMac.local","pid":15558,"level":20,"msg":"Generator: \u001b[35mcategory\u001b[39m","time":"2016-06-04T06:01:46.554Z","v":0}
{"name":"hexo","hostname":"wutongdeiMac.local","pid":15558,"level":20,"msg":"Generator: \u001b[35mindex\u001b[39m","time":"2016-06-04T06:01:46.554Z","v":0}
{"name":"hexo","hostname":"wutongdeiMac.local","pid":15558,"level":20,"msg":"Generator: \u001b[35masset\u001b[39m","time":"2016-06-04T06:01:46.555Z","v":0}
{"name":"hexo","hostname":"wutongdeiMac.local","pid":15558,"level":20,"msg":"Theme config loaded.","time":"2016-06-04T06:01:49.553Z","v":0}
{"name":"hexo","hostname":"wutongdeiMac.local","pid":15558,"level":20,"msg":"Processed: \u001b[35m_config.yml\u001b[39m","time":"2016-06-04T06:01:49.553Z","v":0}
{"name":"hexo","hostname":"wutongdeiMac.local","pid":15558,"level":20,"msg":"Generator: \u001b[35mpage\u001b[39m","time":"2016-06-04T06:01:49.660Z","v":0}
{"name":"hexo","hostname":"wutongdeiMac.local","pid":15558,"level":20,"msg":"Generator: \u001b[35mpost\u001b[39m","time":"2016-06-04T06:01:49.660Z","v":0}
{"name":"hexo","hostname":"wutongdeiMac.local","pid":15558,"level":20,"msg":"Generator: \u001b[35marchive\u001b[39m","time":"2016-06-04T06:01:49.660Z","v":0}
{"name":"hexo","hostname":"wutongdeiMac.local","pid":15558,"level":20,"msg":"Generator: \u001b[35mtag\u001b[39m","time":"2016-06-04T06:01:49.661Z","v":0}
{"name":"hexo","hostname":"wutongdeiMac.local","pid":15558,"level":20,"msg":"Generator: \u001b[35mcategory\u001b[39m","time":"2016-06-04T06:01:49.661Z","v":0}
{"name":"hexo","hostname":"wutongdeiMac.local","pid":15558,"level":20,"msg":"Generator: \u001b[35mindex\u001b[39m","time":"2016-06-04T06:01:49.661Z","v":0}
{"name":"hexo","hostname":"wutongdeiMac.local","pid":15558,"level":20,"msg":"Generator: \u001b[35masset\u001b[39m","time":"2016-06-04T06:01:49.661Z","v":0}
{"name":"hexo","hostname":"wutongdeiMac.local","pid":15558,"level":20,"msg":"Rendering index: \u001b[35mindex.html\u001b[39m","time":"2016-06-04T06:01:50.398Z","v":0}
{"name":"hexo","hostname":"wutongdeiMac.local","pid":15558,"level":20,"msg":"Generator: \u001b[35mpage\u001b[39m","time":"2016-06-04T06:03:40.215Z","v":0}
{"name":"hexo","hostname":"wutongdeiMac.local","pid":15558,"level":20,"msg":"Generator: \u001b[35mpost\u001b[39m","time":"2016-06-04T06:03:40.216Z","v":0}
{"name":"hexo","hostname":"wutongdeiMac.local","pid":15558,"level":20,"msg":"Generator: \u001b[35marchive\u001b[39m","time":"2016-06-04T06:03:40.216Z","v":0}
{"name":"hexo","hostname":"wutongdeiMac.local","pid":15558,"level":20,"msg":"Generator: \u001b[35mtag\u001b[39m","time":"2016-06-04T06:03:40.216Z","v":0}
{"name":"hexo","hostname":"wutongdeiMac.local","pid":15558,"level":20,"msg":"Generator: \u001b[35mcategory\u001b[39m","time":"2016-06-04T06:03:40.216Z","v":0}
{"name":"hexo","hostname":"wutongdeiMac.local","pid":15558,"level":20,"msg":"Generator: \u001b[35mindex\u001b[39m","time":"2016-06-04T06:03:40.216Z","v":0}
{"name":"hexo","hostname":"wutongdeiMac.local","pid":15558,"level":20,"msg":"Generator: \u001b[35masset\u001b[39m","time":"2016-06-04T06:03:40.217Z","v":0}
{"name":"hexo","hostname":"wutongdeiMac.local","pid":15558,"level":20,"msg":"Processed: \u001b[35msource/images/avatar.png\u001b[39m","time":"2016-06-04T06:03:46.889Z","v":0}
{"name":"hexo","hostname":"wutongdeiMac.local","pid":15558,"level":20,"msg":"Generator: \u001b[35mpage\u001b[39m","time":"2016-06-04T06:03:46.998Z","v":0}
{"name":"hexo","hostname":"wutongdeiMac.local","pid":15558,"level":20,"msg":"Generator: \u001b[35mpost\u001b[39m","time":"2016-06-04T06:03:46.998Z","v":0}
{"name":"hexo","hostname":"wutongdeiMac.local","pid":15558,"level":20,"msg":"Generator: \u001b[35marchive\u001b[39m","time":"2016-06-04T06:03:46.998Z","v":0}
{"name":"hexo","hostname":"wutongdeiMac.local","pid":15558,"level":20,"msg":"Generator: \u001b[35mtag\u001b[39m","time":"2016-06-04T06:03:46.998Z","v":0}
{"name":"hexo","hostname":"wutongdeiMac.local","pid":15558,"level":20,"msg":"Generator: \u001b[35mcategory\u001b[39m","time":"2016-06-04T06:03:46.998Z","v":0}
{"name":"hexo","hostname":"wutongdeiMac.local","pid":15558,"level":20,"msg":"Generator: \u001b[35mindex\u001b[39m","time":"2016-06-04T06:03:46.998Z","v":0}
{"name":"hexo","hostname":"wutongdeiMac.local","pid":15558,"level":20,"msg":"Generator: \u001b[35masset\u001b[39m","time":"2016-06-04T06:03:46.999Z","v":0}
{"name":"hexo","hostname":"wutongdeiMac.local","pid":15558,"level":20,"msg":"Rendering index: \u001b[35mindex.html\u001b[39m","time":"2016-06-04T06:04:55.960Z","v":0}
{"name":"hexo","hostname":"wutongdeiMac.local","pid":15558,"level":20,"msg":"Processed: \u001b[35muploads/avatar.png\u001b[39m","time":"2016-06-04T06:05:12.004Z","v":0}
{"name":"hexo","hostname":"wutongdeiMac.local","pid":15558,"level":20,"msg":"Generator: \u001b[35mpage\u001b[39m","time":"2016-06-04T06:05:12.113Z","v":0}
{"name":"hexo","hostname":"wutongdeiMac.local","pid":15558,"level":20,"msg":"Generator: \u001b[35mpost\u001b[39m","time":"2016-06-04T06:05:12.113Z","v":0}
{"name":"hexo","hostname":"wutongdeiMac.local","pid":15558,"level":20,"msg":"Generator: \u001b[35marchive\u001b[39m","time":"2016-06-04T06:05:12.113Z","v":0}
{"name":"hexo","hostname":"wutongdeiMac.local","pid":15558,"level":20,"msg":"Generator: \u001b[35mtag\u001b[39m","time":"2016-06-04T06:05:12.113Z","v":0}
{"name":"hexo","hostname":"wutongdeiMac.local","pid":15558,"level":20,"msg":"Generator: \u001b[35mcategory\u001b[39m","time":"2016-06-04T06:05:12.114Z","v":0}
{"name":"hexo","hostname":"wutongdeiMac.local","pid":15558,"level":20,"msg":"Generator: \u001b[35mindex\u001b[39m","time":"2016-06-04T06:05:12.114Z","v":0}
{"name":"hexo","hostname":"wutongdeiMac.local","pid":15558,"level":20,"msg":"Generator: \u001b[35masset\u001b[39m","time":"2016-06-04T06:05:12.115Z","v":0}
{"name":"hexo","hostname":"wutongdeiMac.local","pid":15558,"level":20,"msg":"Generator: \u001b[35mpage\u001b[39m","time":"2016-06-04T06:05:16.415Z","v":0}
{"name":"hexo","hostname":"wutongdeiMac.local","pid":15558,"level":20,"msg":"Generator: \u001b[35mpost\u001b[39m","time":"2016-06-04T06:05:16.416Z","v":0}
{"name":"hexo","hostname":"wutongdeiMac.local","pid":15558,"level":20,"msg":"Generator: \u001b[35marchive\u001b[39m","time":"2016-06-04T06:05:16.416Z","v":0}
{"name":"hexo","hostname":"wutongdeiMac.local","pid":15558,"level":20,"msg":"Generator: \u001b[35mtag\u001b[39m","time":"2016-06-04T06:05:16.416Z","v":0}
{"name":"hexo","hostname":"wutongdeiMac.local","pid":15558,"level":20,"msg":"Generator: \u001b[35mcategory\u001b[39m","time":"2016-06-04T06:05:16.416Z","v":0}
{"name":"hexo","hostname":"wutongdeiMac.local","pid":15558,"level":20,"msg":"Generator: \u001b[35mindex\u001b[39m","time":"2016-06-04T06:05:16.416Z","v":0}
{"name":"hexo","hostname":"wutongdeiMac.local","pid":15558,"level":20,"msg":"Generator: \u001b[35masset\u001b[39m","time":"2016-06-04T06:05:16.417Z","v":0}
{"name":"hexo","hostname":"wutongdeiMac.local","pid":15558,"level":20,"msg":"Rendering index: \u001b[35mindex.html\u001b[39m","time":"2016-06-04T06:07:40.541Z","v":0}
{"name":"hexo","hostname":"wutongdeiMac.local","pid":15558,"level":20,"msg":"Rendering index: \u001b[35mindex.html\u001b[39m","time":"2016-06-04T06:09:49.966Z","v":0}
{"name":"hexo","hostname":"wutongdeiMac.local","pid":15558,"level":20,"msg":"Rendering index: \u001b[35mindex.html\u001b[39m","time":"2016-06-04T06:09:52.322Z","v":0}
{"name":"hexo","hostname":"wutongdeiMac.local","pid":15558,"level":20,"msg":"Rendering index: \u001b[35mindex.html\u001b[39m","time":"2016-06-04T06:10:23.915Z","v":0}
{"name":"hexo","hostname":"wutongdeiMac.local","pid":15558,"level":20,"msg":"Rendering index: \u001b[35mindex.html\u001b[39m","time":"2016-06-04T06:10:27.288Z","v":0}
{"name":"hexo","hostname":"wutongdeiMac.local","pid":15558,"level":30,"msg":"See you again","time":"2016-06-04T06:19:23.880Z","v":0}
{"name":"hexo","hostname":"wutongdeiMac.local","pid":15558,"level":20,"msg":"Database saved","time":"2016-06-04T06:19:23.889Z","v":0}
